<?xml version="1.0" encoding="UTF-8"?>
<!-- Generated by org.testng.reporters.JUnitReportReporter -->
<testsuite skipped="0" hostname="LAPTOP-COEISJS2" name="Default.testjenmions" tests="1" failures="0" timestamp="2021-08-27T01:06:18 IST" time="5.827" errors="0">
  <testcase name="testjenkins" time="5.827" classname="Default.testjenmions"/>
  <system-out/>
</testsuite> <!-- Default.testjenmions -->
