<?xml version="1.0" encoding="UTF-8"?>
<!-- Generated by org.testng.reporters.JUnitReportReporter -->
<testsuite skipped="0" hostname="LAPTOP-COEISJS2" name="Default.Get" tests="1" failures="0" timestamp="2021-06-15T11:36:46 IST" time="4.388" errors="0">
  <testcase name="testcase1" time="4.388" classname="Default.Get"/>
  <system-out/>
</testsuite> <!-- Default.Get -->
